<?xml version="1.0" encoding="UTF-8"?>
<coverage generated="1686813305229" clover="3.2.0">
  <project timestamp="1686813305229" name="All files">
    <metrics statements="26" coveredstatements="25" conditionals="8" coveredconditionals="7" methods="5" coveredmethods="5" elements="39" coveredelements="37" complexity="0" loc="26" ncloc="26" packages="3" files="4" classes="4"/>
    <package name="helpers">
      <metrics statements="4" coveredstatements="4" conditionals="0" coveredconditionals="0" methods="2" coveredmethods="2"/>
      <file name="generarId.js" path="C:\Users\Marcela\OneDrive\Documentos\2023-1\Desarrollo 2\la del pruebas\desarrollo-lawatty\backend\helpers\generarId.js">
        <metrics statements="2" coveredstatements="2" conditionals="0" coveredconditionals="0" methods="1" coveredmethods="1"/>
        <line num="1" count="3" type="stmt"/>
        <line num="2" count="3" type="stmt"/>
      </file>
      <file name="generarJWT.js" path="C:\Users\Marcela\OneDrive\Documentos\2023-1\Desarrollo 2\la del pruebas\desarrollo-lawatty\backend\helpers\generarJWT.js">
        <metrics statements="2" coveredstatements="2" conditionals="0" coveredconditionals="0" methods="1" coveredmethods="1"/>
        <line num="3" count="1" type="stmt"/>
        <line num="4" count="1" type="stmt"/>
      </file>
    </package>
    <package name="middleware">
      <metrics statements="13" coveredstatements="13" conditionals="6" coveredconditionals="6" methods="1" coveredmethods="1"/>
      <file name="authMiddleware.js" path="C:\Users\Marcela\OneDrive\Documentos\2023-1\Desarrollo 2\la del pruebas\desarrollo-lawatty\backend\middleware\authMiddleware.js">
        <metrics statements="13" coveredstatements="13" conditionals="6" coveredconditionals="6" methods="1" coveredmethods="1"/>
        <line num="5" count="2" type="stmt"/>
        <line num="7" count="3" type="cond" truecount="4" falsecount="0"/>
        <line num="8" count="2" type="stmt"/>
        <line num="9" count="2" type="stmt"/>
        <line num="10" count="2" type="stmt"/>
        <line num="11" count="1" type="stmt"/>
        <line num="15" count="1" type="stmt"/>
        <line num="17" count="1" type="stmt"/>
        <line num="18" count="1" type="stmt"/>
        <line num="22" count="2" type="cond" truecount="2" falsecount="0"/>
        <line num="23" count="1" type="stmt"/>
        <line num="24" count="1" type="stmt"/>
        <line num="27" count="2" type="stmt"/>
      </file>
    </package>
    <package name="models">
      <metrics statements="9" coveredstatements="8" conditionals="2" coveredconditionals="1" methods="2" coveredmethods="2"/>
      <file name="Usuario.js" path="C:\Users\Marcela\OneDrive\Documentos\2023-1\Desarrollo 2\la del pruebas\desarrollo-lawatty\backend\models\Usuario.js">
        <metrics statements="9" coveredstatements="8" conditionals="2" coveredconditionals="1" methods="2" coveredmethods="2"/>
        <line num="5" count="3" type="stmt"/>
        <line num="31" count="3" type="stmt"/>
        <line num="32" count="1" type="cond" truecount="1" falsecount="1"/>
        <line num="33" count="0" type="stmt"/>
        <line num="35" count="1" type="stmt"/>
        <line num="36" count="1" type="stmt"/>
        <line num="39" count="3" type="stmt"/>
        <line num="40" count="1" type="stmt"/>
        <line num="43" count="3" type="stmt"/>
      </file>
    </package>
  </project>
</coverage>
