{"D:\\David\\DESARROLLO\\backend\\controllers\\usuarioController.js": {"path":"D:\\David\\DESARROLLO\\backend\\controllers\\usuarioController.js","statementMap":{"0":{"start":{"line":6,"column":18},"end":{"line":26,"column":1}},"1":{"start":{"line":7,"column":20},"end":{"line":7,"column":28}},"2":{"start":{"line":10,"column":26},"end":{"line":10,"column":56}},"3":{"start":{"line":12,"column":4},"end":{"line":15,"column":5}},"4":{"start":{"line":13,"column":22},"end":{"line":13,"column":56}},"5":{"start":{"line":14,"column":8},"end":{"line":14,"column":58}},"6":{"start":{"line":17,"column":4},"end":{"line":25,"column":5}},"7":{"start":{"line":19,"column":24},"end":{"line":19,"column":45}},"8":{"start":{"line":20,"column":32},"end":{"line":20,"column":52}},"9":{"start":{"line":22,"column":8},"end":{"line":22,"column":34}},"10":{"start":{"line":24,"column":8},"end":{"line":24,"column":26}},"11":{"start":{"line":28,"column":15},"end":{"line":33,"column":1}},"12":{"start":{"line":30,"column":22},"end":{"line":30,"column":25}},"13":{"start":{"line":32,"column":4},"end":{"line":32,"column":32}},"14":{"start":{"line":35,"column":18},"end":{"line":54,"column":3}},"15":{"start":{"line":36,"column":22},"end":{"line":36,"column":32}},"16":{"start":{"line":38,"column":29},"end":{"line":38,"column":61}},"17":{"start":{"line":40,"column":4},"end":{"line":43,"column":5}},"18":{"start":{"line":41,"column":20},"end":{"line":41,"column":48}},"19":{"start":{"line":42,"column":6},"end":{"line":42,"column":58}},"20":{"start":{"line":45,"column":4},"end":{"line":53,"column":5}},"21":{"start":{"line":46,"column":6},"end":{"line":46,"column":36}},"22":{"start":{"line":47,"column":6},"end":{"line":47,"column":41}},"23":{"start":{"line":48,"column":6},"end":{"line":48,"column":36}},"24":{"start":{"line":50,"column":6},"end":{"line":50,"column":60}},"25":{"start":{"line":52,"column":6},"end":{"line":52,"column":25}},"26":{"start":{"line":56,"column":19},"end":{"line":80,"column":3}},"27":{"start":{"line":57,"column":32},"end":{"line":57,"column":40}},"28":{"start":{"line":60,"column":20},"end":{"line":60,"column":52}},"29":{"start":{"line":62,"column":4},"end":{"line":65,"column":5}},"30":{"start":{"line":63,"column":20},"end":{"line":63,"column":53}},"31":{"start":{"line":64,"column":6},"end":{"line":64,"column":58}},"32":{"start":{"line":67,"column":4},"end":{"line":79,"column":5}},"33":{"start":{"line":69,"column":31},"end":{"line":69,"column":72}},"34":{"start":{"line":70,"column":6},"end":{"line":76,"column":7}},"35":{"start":{"line":72,"column":8},"end":{"line":72,"column":50}},"36":{"start":{"line":74,"column":22},"end":{"line":74,"column":60}},"37":{"start":{"line":75,"column":8},"end":{"line":75,"column":60}},"38":{"start":{"line":78,"column":6},"end":{"line":78,"column":25}},"39":{"start":{"line":83,"column":23},"end":{"line":98,"column":3}},"40":{"start":{"line":84,"column":22},"end":{"line":84,"column":30}},"41":{"start":{"line":85,"column":26},"end":{"line":85,"column":58}},"42":{"start":{"line":86,"column":4},"end":{"line":89,"column":5}},"43":{"start":{"line":87,"column":20},"end":{"line":87,"column":53}},"44":{"start":{"line":88,"column":6},"end":{"line":88,"column":58}},"45":{"start":{"line":91,"column":4},"end":{"line":97,"column":5}},"46":{"start":{"line":92,"column":6},"end":{"line":92,"column":40}},"47":{"start":{"line":93,"column":6},"end":{"line":93,"column":33}},"48":{"start":{"line":94,"column":6},"end":{"line":94,"column":72}},"49":{"start":{"line":96,"column":6},"end":{"line":96,"column":25}},"50":{"start":{"line":100,"column":23},"end":{"line":110,"column":3}},"51":{"start":{"line":101,"column":22},"end":{"line":101,"column":32}},"52":{"start":{"line":102,"column":24},"end":{"line":102,"column":56}},"53":{"start":{"line":103,"column":4},"end":{"line":109,"column":5}},"54":{"start":{"line":105,"column":6},"end":{"line":105,"column":60}},"55":{"start":{"line":107,"column":20},"end":{"line":107,"column":48}},"56":{"start":{"line":108,"column":6},"end":{"line":108,"column":58}},"57":{"start":{"line":112,"column":22},"end":{"line":132,"column":1}},"58":{"start":{"line":113,"column":22},"end":{"line":113,"column":32}},"59":{"start":{"line":114,"column":25},"end":{"line":114,"column":33}},"60":{"start":{"line":116,"column":4},"end":{"line":131,"column":5}},"61":{"start":{"line":117,"column":24},"end":{"line":117,"column":56}},"62":{"start":{"line":118,"column":8},"end":{"line":121,"column":9}},"63":{"start":{"line":119,"column":26},"end":{"line":119,"column":52}},"64":{"start":{"line":120,"column":12},"end":{"line":120,"column":64}},"65":{"start":{"line":123,"column":8},"end":{"line":123,"column":29}},"66":{"start":{"line":124,"column":8},"end":{"line":124,"column":36}},"67":{"start":{"line":125,"column":8},"end":{"line":125,"column":29}},"68":{"start":{"line":126,"column":8},"end":{"line":126,"column":63}},"69":{"start":{"line":127,"column":8},"end":{"line":127,"column":29}},"70":{"start":{"line":129,"column":8},"end":{"line":129,"column":27}},"71":{"start":{"line":130,"column":8},"end":{"line":130,"column":82}}},"fnMap":{"0":{"name":"(anonymous_0)","decl":{"start":{"line":6,"column":18},"end":{"line":6,"column":19}},"loc":{"start":{"line":6,"column":38},"end":{"line":26,"column":1}},"line":6},"1":{"name":"(anonymous_1)","decl":{"start":{"line":28,"column":15},"end":{"line":28,"column":16}},"loc":{"start":{"line":28,"column":29},"end":{"line":33,"column":1}},"line":28},"2":{"name":"(anonymous_2)","decl":{"start":{"line":35,"column":18},"end":{"line":35,"column":19}},"loc":{"start":{"line":35,"column":38},"end":{"line":54,"column":3}},"line":35},"3":{"name":"(anonymous_3)","decl":{"start":{"line":56,"column":19},"end":{"line":56,"column":20}},"loc":{"start":{"line":56,"column":39},"end":{"line":80,"column":3}},"line":56},"4":{"name":"(anonymous_4)","decl":{"start":{"line":83,"column":23},"end":{"line":83,"column":24}},"loc":{"start":{"line":83,"column":43},"end":{"line":98,"column":3}},"line":83},"5":{"name":"(anonymous_5)","decl":{"start":{"line":100,"column":23},"end":{"line":100,"column":24}},"loc":{"start":{"line":100,"column":43},"end":{"line":110,"column":3}},"line":100},"6":{"name":"(anonymous_6)","decl":{"start":{"line":112,"column":22},"end":{"line":112,"column":23}},"loc":{"start":{"line":112,"column":42},"end":{"line":132,"column":1}},"line":112}},"branchMap":{"0":{"loc":{"start":{"line":12,"column":4},"end":{"line":15,"column":5}},"type":"if","locations":[{"start":{"line":12,"column":4},"end":{"line":15,"column":5}},{"start":{},"end":{}}],"line":12},"1":{"loc":{"start":{"line":40,"column":4},"end":{"line":43,"column":5}},"type":"if","locations":[{"start":{"line":40,"column":4},"end":{"line":43,"column":5}},{"start":{},"end":{}}],"line":40},"2":{"loc":{"start":{"line":62,"column":4},"end":{"line":65,"column":5}},"type":"if","locations":[{"start":{"line":62,"column":4},"end":{"line":65,"column":5}},{"start":{},"end":{}}],"line":62},"3":{"loc":{"start":{"line":70,"column":6},"end":{"line":76,"column":7}},"type":"if","locations":[{"start":{"line":70,"column":6},"end":{"line":76,"column":7}},{"start":{"line":73,"column":13},"end":{"line":76,"column":7}}],"line":70},"4":{"loc":{"start":{"line":86,"column":4},"end":{"line":89,"column":5}},"type":"if","locations":[{"start":{"line":86,"column":4},"end":{"line":89,"column":5}},{"start":{},"end":{}}],"line":86},"5":{"loc":{"start":{"line":103,"column":4},"end":{"line":109,"column":5}},"type":"if","locations":[{"start":{"line":103,"column":4},"end":{"line":109,"column":5}},{"start":{"line":106,"column":11},"end":{"line":109,"column":5}}],"line":103},"6":{"loc":{"start":{"line":118,"column":8},"end":{"line":121,"column":9}},"type":"if","locations":[{"start":{"line":118,"column":8},"end":{"line":121,"column":9}},{"start":{},"end":{}}],"line":118}},"s":{"0":4,"1":2,"2":2,"3":2,"4":1,"5":1,"6":1,"7":1,"8":1,"9":0,"10":1,"11":4,"12":1,"13":1,"14":4,"15":3,"16":3,"17":3,"18":1,"19":1,"20":2,"21":2,"22":2,"23":2,"24":1,"25":1,"26":4,"27":2,"28":2,"29":2,"30":0,"31":0,"32":2,"33":2,"34":1,"35":0,"36":1,"37":1,"38":1,"39":4,"40":2,"41":2,"42":2,"43":0,"44":0,"45":2,"46":2,"47":2,"48":1,"49":1,"50":4,"51":2,"52":2,"53":2,"54":1,"55":1,"56":1,"57":4,"58":3,"59":3,"60":3,"61":3,"62":3,"63":1,"64":1,"65":2,"66":2,"67":2,"68":1,"69":1,"70":1,"71":1},"f":{"0":2,"1":1,"2":3,"3":2,"4":2,"5":2,"6":3},"b":{"0":[1,1],"1":[1,2],"2":[0,2],"3":[0,1],"4":[0,2],"5":[1,1],"6":[1,2]},"_coverageSchema":"1a1c01bbd47fc00a2c39e90264f33305004495a9","hash":"20a367c239821d8cea24e8e00ef85875dce8e6b6"}
,"D:\\David\\DESARROLLO\\backend\\helpers\\generarId.js": {"path":"D:\\David\\DESARROLLO\\backend\\helpers\\generarId.js","statementMap":{"0":{"start":{"line":1,"column":18},"end":{"line":3,"column":1}},"1":{"start":{"line":2,"column":4},"end":{"line":2,"column":35}}},"fnMap":{"0":{"name":"(anonymous_0)","decl":{"start":{"line":1,"column":18},"end":{"line":1,"column":19}},"loc":{"start":{"line":1,"column":24},"end":{"line":3,"column":1}},"line":1}},"branchMap":{},"s":{"0":7,"1":9},"f":{"0":9},"b":{},"_coverageSchema":"1a1c01bbd47fc00a2c39e90264f33305004495a9","hash":"a7bdcdb416cb3f668da1fc7e3d6a7af8a6e31452"}
,"D:\\David\\DESARROLLO\\backend\\helpers\\generarJWT.js": {"path":"D:\\David\\DESARROLLO\\backend\\helpers\\generarJWT.js","statementMap":{"0":{"start":{"line":3,"column":19},"end":{"line":8,"column":1}},"1":{"start":{"line":4,"column":4},"end":{"line":7,"column":7}}},"fnMap":{"0":{"name":"(anonymous_0)","decl":{"start":{"line":3,"column":19},"end":{"line":3,"column":20}},"loc":{"start":{"line":3,"column":27},"end":{"line":8,"column":1}},"line":3}},"branchMap":{},"s":{"0":5,"1":1},"f":{"0":1},"b":{},"_coverageSchema":"1a1c01bbd47fc00a2c39e90264f33305004495a9","hash":"2018391593d7094ab8bc13fc6a68f49874757d31"}
,"D:\\David\\DESARROLLO\\backend\\middleware\\authMiddleware.js": {"path":"D:\\David\\DESARROLLO\\backend\\middleware\\authMiddleware.js","statementMap":{"0":{"start":{"line":5,"column":18},"end":{"line":29,"column":1}},"1":{"start":{"line":7,"column":3},"end":{"line":21,"column":5}},"2":{"start":{"line":8,"column":4},"end":{"line":20,"column":9}},"3":{"start":{"line":9,"column":22},"end":{"line":9,"column":61}},"4":{"start":{"line":10,"column":24},"end":{"line":10,"column":65}},"5":{"start":{"line":11,"column":8},"end":{"line":13,"column":10}},"6":{"start":{"line":16,"column":12},"end":{"line":16,"column":26}},"7":{"start":{"line":18,"column":22},"end":{"line":18,"column":64}},"8":{"start":{"line":19,"column":12},"end":{"line":19,"column":53}},"9":{"start":{"line":23,"column":4},"end":{"line":26,"column":5}},"10":{"start":{"line":24,"column":22},"end":{"line":24,"column":64}},"11":{"start":{"line":25,"column":8},"end":{"line":25,"column":53}},"12":{"start":{"line":28,"column":4},"end":{"line":28,"column":11}}},"fnMap":{"0":{"name":"(anonymous_0)","decl":{"start":{"line":5,"column":18},"end":{"line":5,"column":19}},"loc":{"start":{"line":5,"column":44},"end":{"line":29,"column":1}},"line":5}},"branchMap":{"0":{"loc":{"start":{"line":7,"column":3},"end":{"line":21,"column":5}},"type":"if","locations":[{"start":{"line":7,"column":3},"end":{"line":21,"column":5}},{"start":{},"end":{}}],"line":7},"1":{"loc":{"start":{"line":23,"column":4},"end":{"line":26,"column":5}},"type":"if","locations":[{"start":{"line":23,"column":4},"end":{"line":26,"column":5}},{"start":{},"end":{}}],"line":23}},"s":{"0":2,"1":3,"2":2,"3":2,"4":2,"5":1,"6":1,"7":1,"8":1,"9":2,"10":2,"11":2,"12":2},"f":{"0":3},"b":{"0":[2,1],"1":[2,0]},"_coverageSchema":"1a1c01bbd47fc00a2c39e90264f33305004495a9","hash":"3e52a3b4cf172813846feb55ddf74d38cdc9e3f7"}
,"D:\\David\\DESARROLLO\\backend\\models\\Usuario.js": {"path":"D:\\David\\DESARROLLO\\backend\\models\\Usuario.js","statementMap":{"0":{"start":{"line":5,"column":22},"end":{"line":29,"column":2}},"1":{"start":{"line":31,"column":0},"end":{"line":37,"column":3}},"2":{"start":{"line":32,"column":4},"end":{"line":34,"column":5}},"3":{"start":{"line":33,"column":8},"end":{"line":33,"column":15}},"4":{"start":{"line":35,"column":17},"end":{"line":35,"column":41}},"5":{"start":{"line":36,"column":4},"end":{"line":36,"column":59}},"6":{"start":{"line":39,"column":0},"end":{"line":41,"column":2}},"7":{"start":{"line":40,"column":4},"end":{"line":40,"column":66}},"8":{"start":{"line":43,"column":16},"end":{"line":43,"column":56}}},"fnMap":{"0":{"name":"(anonymous_0)","decl":{"start":{"line":31,"column":25},"end":{"line":31,"column":26}},"loc":{"start":{"line":31,"column":45},"end":{"line":37,"column":1}},"line":31},"1":{"name":"(anonymous_1)","decl":{"start":{"line":39,"column":42},"end":{"line":39,"column":43}},"loc":{"start":{"line":39,"column":77},"end":{"line":41,"column":1}},"line":39}},"branchMap":{"0":{"loc":{"start":{"line":32,"column":4},"end":{"line":34,"column":5}},"type":"if","locations":[{"start":{"line":32,"column":4},"end":{"line":34,"column":5}},{"start":{},"end":{}}],"line":32}},"s":{"0":7,"1":7,"2":0,"3":0,"4":0,"5":0,"6":7,"7":2,"8":7},"f":{"0":0,"1":2},"b":{"0":[0,0]},"_coverageSchema":"1a1c01bbd47fc00a2c39e90264f33305004495a9","hash":"2c37762a114bcb20f7b99e6e86da26008fe47227"}
}
