{"C:\\Users\\Marcela\\OneDrive\\Documentos\\2023-1\\Desarrollo 2\\la del pruebas\\desarrollo-lawatty\\backend\\helpers\\generarId.js": {"path":"C:\\Users\\Marcela\\OneDrive\\Documentos\\2023-1\\Desarrollo 2\\la del pruebas\\desarrollo-lawatty\\backend\\helpers\\generarId.js","statementMap":{"0":{"start":{"line":1,"column":18},"end":{"line":3,"column":1}},"1":{"start":{"line":2,"column":4},"end":{"line":2,"column":35}}},"fnMap":{"0":{"name":"(anonymous_0)","decl":{"start":{"line":1,"column":18},"end":{"line":1,"column":19}},"loc":{"start":{"line":1,"column":24},"end":{"line":3,"column":1}},"line":1}},"branchMap":{},"s":{"0":3,"1":3},"f":{"0":3},"b":{},"_coverageSchema":"1a1c01bbd47fc00a2c39e90264f33305004495a9","hash":"59ce64101b0989fbd74d0c5e4dc4d1d5a21888c1"}
,"C:\\Users\\Marcela\\OneDrive\\Documentos\\2023-1\\Desarrollo 2\\la del pruebas\\desarrollo-lawatty\\backend\\helpers\\generarJWT.js": {"path":"C:\\Users\\Marcela\\OneDrive\\Documentos\\2023-1\\Desarrollo 2\\la del pruebas\\desarrollo-lawatty\\backend\\helpers\\generarJWT.js","statementMap":{"0":{"start":{"line":3,"column":19},"end":{"line":8,"column":1}},"1":{"start":{"line":4,"column":4},"end":{"line":7,"column":7}}},"fnMap":{"0":{"name":"(anonymous_0)","decl":{"start":{"line":3,"column":19},"end":{"line":3,"column":20}},"loc":{"start":{"line":3,"column":27},"end":{"line":8,"column":1}},"line":3}},"branchMap":{},"s":{"0":1,"1":1},"f":{"0":1},"b":{},"_coverageSchema":"1a1c01bbd47fc00a2c39e90264f33305004495a9","hash":"9b3baa7a5369ac9e02eae1bbbdd09e1c1310f95b"}
,"C:\\Users\\Marcela\\OneDrive\\Documentos\\2023-1\\Desarrollo 2\\la del pruebas\\desarrollo-lawatty\\backend\\middleware\\authMiddleware.js": {"path":"C:\\Users\\Marcela\\OneDrive\\Documentos\\2023-1\\Desarrollo 2\\la del pruebas\\desarrollo-lawatty\\backend\\middleware\\authMiddleware.js","statementMap":{"0":{"start":{"line":5,"column":18},"end":{"line":28,"column":1}},"1":{"start":{"line":7,"column":4},"end":{"line":20,"column":5}},"2":{"start":{"line":8,"column":8},"end":{"line":19,"column":9}},"3":{"start":{"line":9,"column":12},"end":{"line":9,"column":60}},"4":{"start":{"line":10,"column":28},"end":{"line":10,"column":69}},"5":{"start":{"line":11,"column":12},"end":{"line":13,"column":14}},"6":{"start":{"line":15,"column":12},"end":{"line":15,"column":26}},"7":{"start":{"line":17,"column":22},"end":{"line":17,"column":64}},"8":{"start":{"line":18,"column":12},"end":{"line":18,"column":53}},"9":{"start":{"line":22,"column":4},"end":{"line":25,"column":5}},"10":{"start":{"line":23,"column":22},"end":{"line":23,"column":64}},"11":{"start":{"line":24,"column":8},"end":{"line":24,"column":53}},"12":{"start":{"line":27,"column":4},"end":{"line":27,"column":11}}},"fnMap":{"0":{"name":"(anonymous_0)","decl":{"start":{"line":5,"column":18},"end":{"line":5,"column":19}},"loc":{"start":{"line":5,"column":44},"end":{"line":28,"column":1}},"line":5}},"branchMap":{"0":{"loc":{"start":{"line":7,"column":4},"end":{"line":20,"column":5}},"type":"if","locations":[{"start":{"line":7,"column":4},"end":{"line":20,"column":5}},{"start":{},"end":{}}],"line":7},"1":{"loc":{"start":{"line":7,"column":8},"end":{"line":7,"column":83}},"type":"binary-expr","locations":[{"start":{"line":7,"column":8},"end":{"line":7,"column":33}},{"start":{"line":7,"column":37},"end":{"line":7,"column":83}}],"line":7},"2":{"loc":{"start":{"line":22,"column":4},"end":{"line":25,"column":5}},"type":"if","locations":[{"start":{"line":22,"column":4},"end":{"line":25,"column":5}},{"start":{},"end":{}}],"line":22}},"s":{"0":2,"1":3,"2":2,"3":2,"4":2,"5":1,"6":1,"7":1,"8":1,"9":2,"10":1,"11":1,"12":2},"f":{"0":3},"b":{"0":[2,1],"1":[3,2],"2":[1,1]},"_coverageSchema":"1a1c01bbd47fc00a2c39e90264f33305004495a9","hash":"abeeea584166199964cf69a018d31ea3539fc8f9"}
,"C:\\Users\\Marcela\\OneDrive\\Documentos\\2023-1\\Desarrollo 2\\la del pruebas\\desarrollo-lawatty\\backend\\models\\Usuario.js": {"path":"C:\\Users\\Marcela\\OneDrive\\Documentos\\2023-1\\Desarrollo 2\\la del pruebas\\desarrollo-lawatty\\backend\\models\\Usuario.js","statementMap":{"0":{"start":{"line":5,"column":22},"end":{"line":29,"column":2}},"1":{"start":{"line":31,"column":0},"end":{"line":37,"column":3}},"2":{"start":{"line":32,"column":4},"end":{"line":34,"column":5}},"3":{"start":{"line":33,"column":8},"end":{"line":33,"column":15}},"4":{"start":{"line":35,"column":17},"end":{"line":35,"column":41}},"5":{"start":{"line":36,"column":4},"end":{"line":36,"column":59}},"6":{"start":{"line":39,"column":0},"end":{"line":41,"column":2}},"7":{"start":{"line":40,"column":4},"end":{"line":40,"column":66}},"8":{"start":{"line":43,"column":16},"end":{"line":43,"column":56}}},"fnMap":{"0":{"name":"(anonymous_0)","decl":{"start":{"line":31,"column":25},"end":{"line":31,"column":26}},"loc":{"start":{"line":31,"column":45},"end":{"line":37,"column":1}},"line":31},"1":{"name":"(anonymous_1)","decl":{"start":{"line":39,"column":42},"end":{"line":39,"column":43}},"loc":{"start":{"line":39,"column":77},"end":{"line":41,"column":1}},"line":39}},"branchMap":{"0":{"loc":{"start":{"line":32,"column":4},"end":{"line":34,"column":5}},"type":"if","locations":[{"start":{"line":32,"column":4},"end":{"line":34,"column":5}},{"start":{},"end":{}}],"line":32}},"s":{"0":3,"1":3,"2":1,"3":0,"4":1,"5":1,"6":3,"7":1,"8":3},"f":{"0":1,"1":1},"b":{"0":[0,1]},"_coverageSchema":"1a1c01bbd47fc00a2c39e90264f33305004495a9","hash":"ea335d3b976f1994d96ac824e6ea44159dca73ff"}
}
