TN:
SF:controllers\usuarioController.js
FN:6,(anonymous_0)
FN:28,(anonymous_1)
FN:35,(anonymous_2)
FN:57,(anonymous_3)
FN:80,(anonymous_4)
FN:96,(anonymous_5)
FN:108,(anonymous_6)
FNF:7
FNH:4
FNDA:0,(anonymous_0)
FNDA:0,(anonymous_1)
FNDA:2,(anonymous_2)
FNDA:0,(anonymous_3)
FNDA:2,(anonymous_4)
FNDA:1,(anonymous_5)
FNDA:3,(anonymous_6)
DA:6,4
DA:7,0
DA:10,0
DA:12,0
DA:13,0
DA:14,0
DA:17,0
DA:19,0
DA:20,0
DA:22,0
DA:24,0
DA:28,4
DA:30,0
DA:32,0
DA:35,4
DA:36,2
DA:38,2
DA:40,2
DA:41,0
DA:42,0
DA:45,2
DA:46,2
DA:47,2
DA:48,2
DA:50,0
DA:52,2
DA:57,4
DA:58,0
DA:61,0
DA:63,0
DA:64,0
DA:65,0
DA:70,0
DA:72,0
DA:75,0
DA:76,0
DA:80,4
DA:81,2
DA:82,2
DA:83,2
DA:84,0
DA:85,0
DA:88,2
DA:89,2
DA:90,2
DA:91,0
DA:93,2
DA:96,4
DA:97,1
DA:98,1
DA:99,1
DA:101,1
DA:104,0
DA:105,0
DA:108,4
DA:109,3
DA:110,3
DA:112,3
DA:113,3
DA:114,3
DA:115,1
DA:116,1
DA:119,2
DA:120,2
DA:121,2
DA:122,1
DA:123,1
DA:125,1
DA:126,1
LF:69
LH:40
BRDA:12,0,0,0
BRDA:12,0,1,0
BRDA:40,1,0,0
BRDA:40,1,1,2
BRDA:63,2,0,0
BRDA:63,2,1,0
BRDA:70,3,0,0
BRDA:70,3,1,0
BRDA:83,4,0,0
BRDA:83,4,1,2
BRDA:99,5,0,1
BRDA:99,5,1,0
BRDA:114,6,0,1
BRDA:114,6,1,2
BRF:14
BRH:5
end_of_record
TN:
SF:helpers\generarId.js
FN:1,(anonymous_0)
FNF:1
FNH:1
FNDA:9,(anonymous_0)
DA:1,7
DA:2,9
LF:2
LH:2
BRF:0
BRH:0
end_of_record
TN:
SF:helpers\generarJWT.js
FN:3,(anonymous_0)
FNF:1
FNH:1
FNDA:1,(anonymous_0)
DA:3,5
DA:4,1
LF:2
LH:2
BRF:0
BRH:0
end_of_record
TN:
SF:middleware\authMiddleware.js
FN:5,(anonymous_0)
FNF:1
FNH:1
FNDA:3,(anonymous_0)
DA:5,2
DA:7,3
DA:8,2
DA:9,2
DA:10,2
DA:11,1
DA:15,1
DA:17,1
DA:18,1
DA:22,2
DA:23,1
DA:24,1
DA:27,2
LF:13
LH:13
BRDA:7,0,0,2
BRDA:7,0,1,1
BRDA:7,1,0,3
BRDA:7,1,1,2
BRDA:22,2,0,1
BRDA:22,2,1,1
BRF:6
BRH:6
end_of_record
TN:
SF:models\Usuario.js
FN:31,(anonymous_0)
FN:39,(anonymous_1)
FNF:2
FNH:2
FNDA:1,(anonymous_0)
FNDA:1,(anonymous_1)
DA:5,7
DA:31,7
DA:32,1
DA:33,0
DA:35,1
DA:36,1
DA:39,7
DA:40,1
DA:43,7
LF:9
LH:8
BRDA:32,0,0,0
BRDA:32,0,1,1
BRF:2
BRH:1
end_of_record
