TN:
SF:controllers\usuarioController.js
FN:6,(anonymous_0)
FN:28,(anonymous_1)
FN:35,(anonymous_2)
FN:56,(anonymous_3)
FN:83,(anonymous_4)
FN:100,(anonymous_5)
FN:112,(anonymous_6)
FNF:7
FNH:6
FNDA:0,(anonymous_0)
FNDA:1,(anonymous_1)
FNDA:3,(anonymous_2)
FNDA:2,(anonymous_3)
FNDA:2,(anonymous_4)
FNDA:3,(anonymous_5)
FNDA:3,(anonymous_6)
DA:6,4
DA:7,0
DA:10,0
DA:12,0
DA:13,0
DA:14,0
DA:17,0
DA:19,0
DA:20,0
DA:22,0
DA:24,0
DA:28,4
DA:30,1
DA:32,1
DA:35,4
DA:36,3
DA:38,3
DA:40,3
DA:41,1
DA:42,1
DA:45,2
DA:46,2
DA:47,2
DA:48,2
DA:50,1
DA:52,1
DA:56,4
DA:57,2
DA:60,2
DA:62,2
DA:63,0
DA:64,0
DA:67,2
DA:69,2
DA:70,1
DA:72,0
DA:74,1
DA:75,1
DA:78,1
DA:83,4
DA:84,2
DA:85,2
DA:86,2
DA:87,0
DA:88,0
DA:91,2
DA:92,2
DA:93,2
DA:94,1
DA:96,1
DA:100,4
DA:101,3
DA:102,3
DA:103,3
DA:105,2
DA:107,1
DA:108,1
DA:112,4
DA:113,3
DA:114,3
DA:116,3
DA:117,3
DA:118,3
DA:119,1
DA:120,1
DA:123,2
DA:124,2
DA:125,2
DA:126,1
DA:127,1
DA:129,1
DA:130,1
LF:72
LH:57
BRDA:12,0,0,0
BRDA:12,0,1,0
BRDA:40,1,0,1
BRDA:40,1,1,2
BRDA:62,2,0,0
BRDA:62,2,1,2
BRDA:70,3,0,0
BRDA:70,3,1,1
BRDA:86,4,0,0
BRDA:86,4,1,2
BRDA:103,5,0,2
BRDA:103,5,1,1
BRDA:118,6,0,1
BRDA:118,6,1,2
BRF:14
BRH:9
end_of_record
TN:
SF:helpers\generarId.js
FN:1,(anonymous_0)
FNF:1
FNH:1
FNDA:9,(anonymous_0)
DA:1,7
DA:2,9
LF:2
LH:2
BRF:0
BRH:0
end_of_record
TN:
SF:helpers\generarJWT.js
FN:3,(anonymous_0)
FNF:1
FNH:1
FNDA:1,(anonymous_0)
DA:3,5
DA:4,1
LF:2
LH:2
BRF:0
BRH:0
end_of_record
TN:
SF:middleware\authMiddleware.js
FN:5,(anonymous_0)
FNF:1
FNH:1
FNDA:3,(anonymous_0)
DA:5,2
DA:7,3
DA:8,2
DA:9,2
DA:10,2
DA:11,1
DA:15,1
DA:17,1
DA:18,1
DA:22,2
DA:23,1
DA:24,1
DA:27,2
LF:13
LH:13
BRDA:7,0,0,2
BRDA:7,0,1,1
BRDA:7,1,0,3
BRDA:7,1,1,2
BRDA:22,2,0,1
BRDA:22,2,1,1
BRF:6
BRH:6
end_of_record
TN:
SF:models\Usuario.js
FN:31,(anonymous_0)
FN:39,(anonymous_1)
FNF:2
FNH:2
FNDA:1,(anonymous_0)
FNDA:1,(anonymous_1)
DA:5,7
DA:31,7
DA:32,1
DA:33,0
DA:35,1
DA:36,1
DA:39,7
DA:40,1
DA:43,7
LF:9
LH:8
BRDA:32,0,0,0
BRDA:32,0,1,1
BRF:2
BRH:1
end_of_record
